{
  "RSpec": {
    "coverage": {
      "/Users/almorcrette/coding/projects/daily-diary-app/spec/features/list_all_by_titles_feature_spec.rb": {
        "lines": [
          1,
          1,
          1,
          1,
          1,
          1,
          1,
          1,
          null,
          null
        ]
      },
      "/Users/almorcrette/coding/projects/daily-diary-app/spec/units/diaryentry_spec.rb": {
        "lines": [
          1,
          null,
          1,
          1,
          1,
          1,
          1,
          1,
          1,
          1,
          null,
          null,
          null
        ]
      }
    },
    "timestamp": 1649938261
  }
}
